INFO    2020-12-30 14:33:28,270 [localhost-startStop-1] org.springframework.web.context.ContextLoader  - Root WebApplicationContext: initialization started
INFO    2020-12-30 14:33:28,318 [localhost-startStop-1] org.springframework.web.context.support.XmlWebApplicationContext  - Refreshing Root WebApplicationContext: startup date [Wed Dec 30 14:33:28 ICT 2020]; root of context hierarchy
INFO    2020-12-30 14:33:28,336 [localhost-startStop-1] org.springframework.beans.factory.xml.XmlBeanDefinitionReader  - Loading XML bean definitions from ServletContext resource [/WEB-INF/dispatcher-servlet.xml]
INFO    2020-12-30 14:33:28,520 [localhost-startStop-1] org.springframework.beans.factory.annotation.AutowiredAnnotationBeanPostProcessor  - JSR-330 'javax.inject.Inject' annotation found and supported for autowiring
INFO    2020-12-30 14:33:28,615 [localhost-startStop-1] org.springframework.web.servlet.mvc.method.annotation.RequestMappingHandlerMapping  - Mapped "{[/ || /index],methods=[GET]}" onto public java.lang.String com.tma.controller.StudentController.index(org.springframework.ui.Model)
INFO    2020-12-30 14:33:28,616 [localhost-startStop-1] org.springframework.web.servlet.mvc.method.annotation.RequestMappingHandlerMapping  - Mapped "{[/addStudent]}" onto public java.lang.String com.tma.controller.StudentController.addStudentSave(org.springframework.ui.Model,com.tma.form.StudentForm)
INFO    2020-12-30 14:33:28,616 [localhost-startStop-1] org.springframework.web.servlet.mvc.method.annotation.RequestMappingHandlerMapping  - Mapped "{[/getAllStudent],produces=[application/json]}" onto public java.util.List<com.tma.model.Student> com.tma.controller.StudentController.getAllStudent()
INFO    2020-12-30 14:33:28,616 [localhost-startStop-1] org.springframework.web.servlet.mvc.method.annotation.RequestMappingHandlerMapping  - Mapped "{[/getStudentsMaxPoint],produces=[application/json]}" onto public java.util.List<com.tma.model.Student> com.tma.controller.StudentController.getListMax()
INFO    2020-12-30 14:33:28,616 [localhost-startStop-1] org.springframework.web.servlet.mvc.method.annotation.RequestMappingHandlerMapping  - Mapped "{[/addStudent],methods=[GET]}" onto public java.lang.String com.tma.controller.StudentController.addStudentForm(org.springframework.ui.Model)
INFO    2020-12-30 14:33:28,616 [localhost-startStop-1] org.springframework.web.servlet.mvc.method.annotation.RequestMappingHandlerMapping  - Mapped "{[/getStudentsMinPoint],produces=[application/json]}" onto public java.util.List<com.tma.model.Student> com.tma.controller.StudentController.getListMin()
INFO    2020-12-30 14:33:28,834 [localhost-startStop-1] org.springframework.web.servlet.mvc.method.annotation.RequestMappingHandlerAdapter  - Looking for @ControllerAdvice: Root WebApplicationContext: startup date [Wed Dec 30 14:33:28 ICT 2020]; root of context hierarchy
INFO    2020-12-30 14:33:28,857 [localhost-startStop-1] org.springframework.web.servlet.mvc.method.annotation.RequestMappingHandlerAdapter  - Looking for @ControllerAdvice: Root WebApplicationContext: startup date [Wed Dec 30 14:33:28 ICT 2020]; root of context hierarchy
INFO    2020-12-30 14:33:28,928 [localhost-startStop-1] org.springframework.web.servlet.view.freemarker.FreeMarkerConfigurer  - ClassTemplateLoader for Spring macros added to FreeMarker configuration
INFO    2020-12-30 14:33:28,948 [localhost-startStop-1] org.springframework.web.context.ContextLoader  - Root WebApplicationContext: initialization completed in 677 ms
INFO    2020-12-30 14:33:28,954 [localhost-startStop-1] org.springframework.web.servlet.DispatcherServlet  - FrameworkServlet 'dispatcher': initialization started
INFO    2020-12-30 14:33:28,955 [localhost-startStop-1] org.springframework.web.context.support.XmlWebApplicationContext  - Refreshing WebApplicationContext for namespace 'dispatcher-servlet': startup date [Wed Dec 30 14:33:28 ICT 2020]; parent: Root WebApplicationContext
INFO    2020-12-30 14:33:28,956 [localhost-startStop-1] org.springframework.beans.factory.xml.XmlBeanDefinitionReader  - Loading XML bean definitions from ServletContext resource [/WEB-INF/dispatcher-servlet.xml]
INFO    2020-12-30 14:33:28,982 [localhost-startStop-1] org.springframework.beans.factory.annotation.AutowiredAnnotationBeanPostProcessor  - JSR-330 'javax.inject.Inject' annotation found and supported for autowiring
INFO    2020-12-30 14:33:28,988 [localhost-startStop-1] org.springframework.web.servlet.mvc.method.annotation.RequestMappingHandlerMapping  - Mapped "{[/ || /index],methods=[GET]}" onto public java.lang.String com.tma.controller.StudentController.index(org.springframework.ui.Model)
INFO    2020-12-30 14:33:28,988 [localhost-startStop-1] org.springframework.web.servlet.mvc.method.annotation.RequestMappingHandlerMapping  - Mapped "{[/addStudent]}" onto public java.lang.String com.tma.controller.StudentController.addStudentSave(org.springframework.ui.Model,com.tma.form.StudentForm)
INFO    2020-12-30 14:33:28,988 [localhost-startStop-1] org.springframework.web.servlet.mvc.method.annotation.RequestMappingHandlerMapping  - Mapped "{[/getAllStudent],produces=[application/json]}" onto public java.util.List<com.tma.model.Student> com.tma.controller.StudentController.getAllStudent()
INFO    2020-12-30 14:33:28,988 [localhost-startStop-1] org.springframework.web.servlet.mvc.method.annotation.RequestMappingHandlerMapping  - Mapped "{[/getStudentsMaxPoint],produces=[application/json]}" onto public java.util.List<com.tma.model.Student> com.tma.controller.StudentController.getListMax()
INFO    2020-12-30 14:33:28,988 [localhost-startStop-1] org.springframework.web.servlet.mvc.method.annotation.RequestMappingHandlerMapping  - Mapped "{[/addStudent],methods=[GET]}" onto public java.lang.String com.tma.controller.StudentController.addStudentForm(org.springframework.ui.Model)
INFO    2020-12-30 14:33:28,988 [localhost-startStop-1] org.springframework.web.servlet.mvc.method.annotation.RequestMappingHandlerMapping  - Mapped "{[/getStudentsMinPoint],produces=[application/json]}" onto public java.util.List<com.tma.model.Student> com.tma.controller.StudentController.getListMin()
INFO    2020-12-30 14:33:28,999 [localhost-startStop-1] org.springframework.web.servlet.mvc.method.annotation.RequestMappingHandlerAdapter  - Looking for @ControllerAdvice: WebApplicationContext for namespace 'dispatcher-servlet': startup date [Wed Dec 30 14:33:28 ICT 2020]; parent: Root WebApplicationContext
INFO    2020-12-30 14:33:29,009 [localhost-startStop-1] org.springframework.web.servlet.mvc.method.annotation.RequestMappingHandlerAdapter  - Looking for @ControllerAdvice: WebApplicationContext for namespace 'dispatcher-servlet': startup date [Wed Dec 30 14:33:28 ICT 2020]; parent: Root WebApplicationContext
INFO    2020-12-30 14:33:29,018 [localhost-startStop-1] org.springframework.web.servlet.view.freemarker.FreeMarkerConfigurer  - ClassTemplateLoader for Spring macros added to FreeMarker configuration
INFO    2020-12-30 14:33:29,034 [localhost-startStop-1] org.springframework.web.servlet.DispatcherServlet  - FrameworkServlet 'dispatcher': initialization completed in 80 ms
ERROR   2020-12-30 14:35:07,615 [http-bio-8080-exec-4] com.tma.controller.StudentController  - Fullname is required
